{
  "RSpec": {
    "coverage": {
      "/home/AaronSamuelJ/tic-tac-toe-rb-v-000/lib/tic_tac_toe.rb": [
        1,
        1,
        4,
        4,
        4,
        4,
        4,
        null,
        1,
        6,
        null,
        null,
        1,
        132,
        null,
        null,
        null,
        1,
        null,
        null,
        null,
        null,
        null,
        null,
        null,
        null,
        null,
        null,
        1,
        5,
        null,
        1,
        6,
        null,
        1,
        3,
        3,
        3,
        3,
        2,
        2,
        null,
        1,
        null,
        null,
        1,
        16,
        16,
        128,
        null,
        16,
        null,
        null,
        1,
        9,
        60,
        null,
        null,
        null,
        1,
        8,
        null,
        1,
        4,
        36,
        null,
        null,
        1,
        3,
        null,
        1,
        3,
        null,
        null,
        1,
        3,
        1,
        2,
        1,
        null,
        null
      ]
    },
    "timestamp": 1506170910
  }
}
